<?xml version="1.0" encoding="utf-8"?><testsuites name="pytest tests"><testsuite name="pytest" errors="0" failures="0" skipped="0" tests="8" time="4.737" timestamp="2026-08-15T20:53:22.229131+00:00" hostname="agent-env-4f0316fe-5f38-425a-a2f2-1b8da5de3ff0"><testcase classname="tests.test_admin_health.TestAdminHealthShape" name="test_admin_health_ok_and_shape" time="0.579" /><testcase classname="tests.test_admin_health.TestAdminHealthAuthz" name="test_no_token_unauthorized" time="0.100" /><testcase classname="tests.test_admin_health.TestAdminHealthAuthz" name="test_bad_token_unauthorized" time="0.101" /><testcase classname="tests.test_admin_health.TestAdminHealthAuthz" name="test_worker_forbidden" time="1.146" /><testcase classname="tests.test_admin_health.TestAdminHealthAuthz" name="test_foreman_forbidden" time="1.076" /><testcase classname="tests.test_admin_health.TestAdminHealthAuthz" name="test_subcontractor_forbidden" time="1.136" /><testcase classname="tests.test_admin_health.TestDuplicateCodeGroups" name="test_duplicate_reporting_and_cleanup" time="0.254" /><testcase classname="tests.test_admin_health.TestAdminHealthReadOnly" name="test_counts_unchanged_between_calls" time="0.209" /></testsuite></testsuites>