<?xml version="1.0" encoding="utf-8"?><testsuites name="pytest tests"><testsuite name="pytest" errors="0" failures="0" skipped="0" tests="11" time="8.564" timestamp="2026-08-04T22:58:43.515433+00:00" hostname="agent-env-4f0316fe-5f38-425a-a2f2-1b8da5de3ff0"><testcase classname="tests.test_etap1_hardening.TestConfigAndHealth" name="test_api_root_health" time="0.156" /><testcase classname="tests.test_etap1_hardening.TestConfigAndHealth" name="test_admin_login_returns_token" time="0.420" /><testcase classname="tests.test_etap1_hardening.TestConfigAndHealth" name="test_admin_token_authorizes_me" time="0.099" /><testcase classname="tests.test_etap1_hardening.TestConfigAndHealth" name="test_missing_token_401" time="0.113" /><testcase classname="tests.test_etap1_hardening.TestConfigAndHealth" name="test_invalid_token_401" time="0.107" /><testcase classname="tests.test_etap1_hardening.TestProjectsMemberCount" name="test_project_with_two_members_reports_two" time="3.050" /><testcase classname="tests.test_etap1_hardening.TestProjectsMemberCount" name="test_empty_project_reports_zero" time="0.439" /><testcase classname="tests.test_etap1_hardening.TestDeleteMyAccount" name="test_full_self_delete_flow" time="2.668" /><testcase classname="tests.test_etap1_hardening.TestDeleteMyAccount" name="test_delete_me_requires_auth" time="0.133" /><testcase classname="tests.test_etap1_hardening.TestRegressionSanity" name="test_pending_registration_cannot_login" time="0.693" /><testcase classname="tests.test_etap1_hardening.TestRegressionSanity" name="test_project_crud_admin" time="0.615" /></testsuite></testsuites>