<?xml version="1.0" encoding="utf-8"?><testsuites name="pytest tests"><testsuite name="pytest" errors="0" failures="0" skipped="0" tests="11" time="7.828" timestamp="2026-08-11T00:04:26.030562+00:00" hostname="agent-env-4f0316fe-5f38-425a-a2f2-1b8da5de3ff0"><testcase classname="tests.test_runda1_fixes.Test11ReportWeatherTimeout" name="test_create_report_fast_no_address" time="3.093" /><testcase classname="tests.test_runda1_fixes.Test11ReportWeatherTimeout" name="test_get_report_enriched" time="0.100" /><testcase classname="tests.test_runda1_fixes.Test12ElementUniqueness" name="test_duplicate_code_409" time="0.203" /><testcase classname="tests.test_runda1_fixes.Test12ElementUniqueness" name="test_put_rename_conflict_409" time="0.230" /><testcase classname="tests.test_runda1_fixes.Test12ElementUniqueness" name="test_validate_codes" time="0.101" /><testcase classname="tests.test_runda1_fixes.Test12ElementUniqueness" name="test_duplicates_endpoint_empty" time="0.103" /><testcase classname="tests.test_runda1_fixes.Test21IssuesContractor" name="test_contractor_cannot_create_issue" time="0.096" /><testcase classname="tests.test_runda1_fixes.Test21IssuesContractor" name="test_worker_can_create_issue" time="0.231" /><testcase classname="tests.test_runda1_fixes.Test32ChangePassword" name="test_min8_and_change" time="2.696" /><testcase classname="tests.test_runda1_fixes.Test4Regression" name="test_contractor_no_financial_fields" time="0.133" /><testcase classname="tests.test_runda1_fixes.Test4Regression" name="test_admin_sees_financial_fields" time="0.769" /></testsuite></testsuites>