<?xml version="1.0" encoding="utf-8"?><testsuites name="pytest tests"><testsuite name="pytest" errors="0" failures="0" skipped="1" tests="34" time="12.227" timestamp="2026-08-09T17:37:21.191055+00:00" hostname="agent-env-4f0316fe-5f38-425a-a2f2-1b8da5de3ff0"><testcase classname="tests.test_etap2a_models.TestElementTypes" name="test_list_element_types_seeded" time="3.488" /><testcase classname="tests.test_etap2a_models.TestElementTypes" name="test_create_type_admin_only" time="0.095" /><testcase classname="tests.test_etap2a_models.TestElementTypes" name="test_create_type_forbidden_for_foreman" time="0.097" /><testcase classname="tests.test_etap2a_models.TestElementTypes" name="test_put_type_admin_only" time="0.100" /><testcase classname="tests.test_etap2a_models.TestElementTypes" name="test_delete_type_soft" time="0.304" /><testcase classname="tests.test_etap2a_models.TestFoldersViewsElements" name="test_create_folder_admin" time="0.098" /><testcase classname="tests.test_etap2a_models.TestFoldersViewsElements" name="test_create_folder_foreman_ok" time="0.104" /><testcase classname="tests.test_etap2a_models.TestFoldersViewsElements" name="test_create_folder_forbidden_worker" time="0.100" /><testcase classname="tests.test_etap2a_models.TestFoldersViewsElements" name="test_list_folders" time="0.100" /><testcase classname="tests.test_etap2a_models.TestFoldersViewsElements" name="test_create_view" time="0.122" /><testcase classname="tests.test_etap2a_models.TestFoldersViewsElements" name="test_list_views" time="0.112" /><testcase classname="tests.test_etap2a_models.TestFoldersViewsElements" name="test_create_element_no_typ" time="0.110" /><testcase classname="tests.test_etap2a_models.TestFoldersViewsElements" name="test_create_element_with_typ" time="0.095" /><testcase classname="tests.test_etap2a_models.TestFoldersViewsElements" name="test_list_view_elements" time="0.108" /><testcase classname="tests.test_etap2a_models.TestFoldersViewsElements" name="test_list_project_elements" time="0.125" /><testcase classname="tests.test_etap2a_models.TestFoldersViewsElements" name="test_get_element_detail_history" time="0.117" /><testcase classname="tests.test_etap2a_models.TestFoldersViewsElements" name="test_delete_non_received_element" time="0.218" /><testcase classname="tests.test_etap2a_models.TestReportElementFlow" name="test_report_with_element_ids_sets_zgloszony" time="1.411" /><testcase classname="tests.test_etap2a_models.TestReportElementFlow" name="test_element_history_has_report_id" time="0.110" /><testcase classname="tests.test_etap2a_models.TestReportElementFlow" name="test_odebrany_skipped_by_second_report" time="1.344" /><testcase classname="tests.test_etap2a_models.TestReceipts" name="test_pending_receipt" time="0.112" /><testcase classname="tests.test_etap2a_models.TestReceipts" name="test_receive_multi" time="0.207" /><testcase classname="tests.test_etap2a_models.TestReceipts" name="test_delete_received_element_archives" time="1.454" /><testcase classname="tests.test_etap2a_models.TestReceipts" name="test_unreceive_requires_powod_422" time="0.117" /><testcase classname="tests.test_etap2a_models.TestReceipts" name="test_unreceive_ok" time="0.215" /><testcase classname="tests.test_etap2a_models.TestReceipts" name="test_unreceive_409_when_rozliczenie" time="0.102"><skipped type="pytest.skip" message="Requires rozliczenie backend endpoint to attach ujete_w_rozliczeniu_id">/app/backend/tests/test_etap2a_models.py:368: Requires rozliczenie backend endpoint to attach ujete_w_rozliczeniu_id</skipped></testcase><testcase classname="tests.test_etap2a_models.TestModelSummaryProgress" name="test_project_summary_reflects_progress" time="0.104" /><testcase classname="tests.test_etap2a_models.TestBillingAndAudit" name="test_project_has_billing_fields_for_admin" time="0.101" /><testcase classname="tests.test_etap2a_models.TestBillingAndAudit" name="test_put_project_logs_billing_change_to_audit" time="0.316" /><testcase classname="tests.test_etap2a_models.TestContractorFinancialSecurity" name="test_contractor_list_projects_strips_fin_fields" time="0.100" /><testcase classname="tests.test_etap2a_models.TestContractorFinancialSecurity" name="test_contractor_get_project_detail_strips_fin_fields" time="0.102" /><testcase classname="tests.test_etap2a_models.TestContractorFinancialSecurity" name="test_contractor_can_read_elements" time="0.098" /><testcase classname="tests.test_etap2a_models.TestContractorFinancialSecurity" name="test_contractor_cannot_create_folder" time="0.101" /><testcase classname="tests.test_etap2a_models.TestContractorFinancialSecurity" name="test_contractor_cannot_receive_elements" time="0.633" /></testsuite></testsuites>