<?xml version="1.0" encoding="utf-8"?><testsuites name="pytest tests"><testsuite name="pytest" errors="0" failures="0" skipped="0" tests="26" time="29.800" timestamp="2026-08-14T16:06:54.660135+00:00" hostname="agent-env-4f0316fe-5f38-425a-a2f2-1b8da5de3ff0"><testcase classname="tests.test_e3_security_regression.TestE3aSelfDelete" name="test_admin_cannot_delete_self_returns_400" time="0.793" /><testcase classname="tests.test_e3_security_regression.TestE3aSelfDelete" name="test_admin_still_active_after_self_delete_attempt" time="0.167" /><testcase classname="tests.test_e3_security_regression.TestE3aSelfDelete" name="test_admin_can_still_login_after_self_delete_attempt" time="0.397" /><testcase classname="tests.test_e3_security_regression.TestE3bLastAdmin" name="test_admin2_can_be_created_and_is_active" time="1.186" /><testcase classname="tests.test_e3_security_regression.TestE3bLastAdmin" name="test_last_admin_delete_blocked_when_only_one_active" time="0.304" /><testcase classname="tests.test_e3_security_regression.TestE3bLastAdmin" name="test_second_admin_deleting_seed_admin_hits_last_admin_or_self" time="1.431" /><testcase classname="tests.test_e3_security_regression.TestE3bLastAdmin" name="test_last_admin_branch_direct" time="1.209" /><testcase classname="tests.test_e3_security_regression.TestE3bLastAdmin" name="test_true_last_admin_blocked_when_creating_and_deleting_third" time="1.325" /><testcase classname="tests.test_e3_security_regression.TestE3cSoftDelete" name="test_delete_worker_returns_archived_true" time="0.970" /><testcase classname="tests.test_e3_security_regression.TestE3cSoftDelete" name="test_worker_record_persists_with_zarchiwizowany_status" time="1.206" /><testcase classname="tests.test_e3_security_regression.TestE3cSoftDelete" name="test_worker_disappears_from_active_list" time="1.130" /><testcase classname="tests.test_e3_security_regression.TestE3dArchivedCannotLogin" name="test_archived_user_login_blocked" time="1.713" /><testcase classname="tests.test_e3_security_regression.TestE1UpdateUser" name="test_duplicate_email_returns_409" time="1.867" /><testcase classname="tests.test_e3_security_regression.TestE1UpdateUser" name="test_invalid_email_returns_422" time="0.977" /><testcase classname="tests.test_e3_security_regression.TestE1UpdateUser" name="test_full_edit_persists_all_fields" time="1.017" /><testcase classname="tests.test_e3_security_regression.TestA1PasswordLength" name="test_admin_reset_short_password_422" time="0.996" /><testcase classname="tests.test_e3_security_regression.TestA1PasswordLength" name="test_admin_reset_long_password_ok_and_forces_change" time="1.753" /><testcase classname="tests.test_e3_security_regression.TestA1PasswordLength" name="test_change_password_short_new_returns_422" time="1.293" /><testcase classname="tests.test_e3_security_regression.TestG8CodeNormalization" name="test_collision_after_space_and_case_normalization" time="1.245" /><testcase classname="tests.test_e3_security_regression.TestE3MeSelfArchiveWorker" name="test_worker_self_delete_returns_deleted_true" time="1.394" /><testcase classname="tests.test_e3_security_regression.TestE3MeSelfArchiveWorker" name="test_worker_record_persists_with_zarchiwizowany" time="1.537" /><testcase classname="tests.test_e3_security_regression.TestE3MeSelfArchiveWorker" name="test_worker_cannot_login_after_self_delete" time="1.698" /><testcase classname="tests.test_e3_security_regression.TestE3MeAdminWithPeersArchived" name="test_non_last_admin_self_delete_archives" time="1.871" /><testcase classname="tests.test_e3_security_regression.TestE3MeSoleAdminBlocked" name="test_sole_admin_self_delete_returns_400_and_stays_active" time="2.252" /><testcase classname="tests.test_e3_security_regression.TestE3MeNoHardDeletePathExists" name="test_server_py_has_no_users_hard_delete" time="0.000" /><testcase classname="tests.test_e3_security_regression.TestE3MeNoHardDeletePathExists" name="test_audit_records_use_soft_archive_semantics" time="0.004" /></testsuite></testsuites>