<?xml version="1.0" encoding="utf-8"?><testsuites name="pytest tests"><testsuite name="pytest" errors="0" failures="0" skipped="0" tests="70" time="57.303" timestamp="2026-08-11T00:04:39.065032+00:00" hostname="agent-env-4f0316fe-5f38-425a-a2f2-1b8da5de3ff0"><testcase classname="tests.backend_test.Test01Auth" name="test_root" time="0.119" /><testcase classname="tests.backend_test.Test01Auth" name="test_admin_login" time="0.337" /><testcase classname="tests.backend_test.Test01Auth" name="test_login_invalid" time="0.348" /><testcase classname="tests.backend_test.Test01Auth" name="test_me" time="0.108" /><testcase classname="tests.backend_test.Test01Auth" name="test_me_no_token" time="0.101" /><testcase classname="tests.backend_test.Test01Auth" name="test_register_pending" time="0.357" /><testcase classname="tests.backend_test.Test01Auth" name="test_login_pending_blocked" time="0.329" /><testcase classname="tests.backend_test.Test01Auth" name="test_register_duplicate" time="0.101" /><testcase classname="tests.backend_test.Test01Auth" name="test_register_short_password" time="0.801" /><testcase classname="tests.backend_test.Test01Auth" name="test_password_reset_flow" time="0.227" /><testcase classname="tests.backend_test.Test02UsersApproval" name="test_pending_list" time="0.095" /><testcase classname="tests.backend_test.Test02UsersApproval" name="test_pending_forbidden_no_auth" time="0.098" /><testcase classname="tests.backend_test.Test02UsersApproval" name="test_approve_worker" time="0.111" /><testcase classname="tests.backend_test.Test02UsersApproval" name="test_worker_login_after_approval" time="0.321" /><testcase classname="tests.backend_test.Test02UsersApproval" name="test_role_enforcement_worker_cannot_admin" time="0.102" /><testcase classname="tests.backend_test.Test03Projects" name="test_create_project" time="0.105" /><testcase classname="tests.backend_test.Test03Projects" name="test_get_project" time="0.116" /><testcase classname="tests.backend_test.Test03Projects" name="test_list_projects" time="0.098" /><testcase classname="tests.backend_test.Test03Projects" name="test_add_member" time="0.095" /><testcase classname="tests.backend_test.Test03Projects" name="test_worker_cant_create_project" time="0.099" /><testcase classname="tests.backend_test.Test04WorkHours" name="test_hours_accrual" time="0.102" /><testcase classname="tests.backend_test.Test04WorkHours" name="test_hours_me" time="0.118" /><testcase classname="tests.backend_test.Test04WorkHours" name="test_approve_hours" time="0.119" /><testcase classname="tests.backend_test.Test05Reports" name="test_create_report_with_weather" time="1.191" /><testcase classname="tests.backend_test.Test05Reports" name="test_get_report" time="0.124" /><testcase classname="tests.backend_test.Test05Reports" name="test_reject_requires_reason" time="0.100" /><testcase classname="tests.backend_test.Test05Reports" name="test_approve_report" time="0.202" /><testcase classname="tests.backend_test.Test06Issues" name="test_create_issue" time="0.109" /><testcase classname="tests.backend_test.Test06Issues" name="test_status_requires_reason" time="0.099" /><testcase classname="tests.backend_test.Test06Issues" name="test_status_change" time="0.106" /><testcase classname="tests.backend_test.Test07Deliveries" name="test_create_delivery" time="0.098" /><testcase classname="tests.backend_test.Test07Deliveries" name="test_delivery_confirm" time="0.118" /><testcase classname="tests.backend_test.Test08Files" name="test_upload_and_download" time="0.196" /><testcase classname="tests.backend_test.Test09Notifications" name="test_notifications_present" time="0.098" /><testcase classname="tests.backend_test.Test09Notifications" name="test_unread_count" time="0.127" /><testcase classname="tests.backend_test.Test09Notifications" name="test_read_all" time="0.251" /><testcase classname="tests.backend_test.Test10Audit" name="test_audit_admin" time="0.107" /><testcase classname="tests.backend_test.Test10Audit" name="test_audit_forbidden_worker" time="0.099" /><testcase classname="tests.backend_test.Test11Transcribe" name="test_transcribe_requires_auth" time="0.091" /><testcase classname="tests.backend_test.Test99Cleanup" name="test_delete_worker" time="0.525" /><testcase classname="tests.test_p1_p3_features.TestP1NotificationActionUrl" name="test_notifications_returned_with_action_url_field" time="1.608" /><testcase classname="tests.test_p1_p3_features.TestP1NotificationActionUrl" name="test_konto_zatwierdzone_action_url" time="0.094" /><testcase classname="tests.test_p1_p3_features.TestP1NotificationActionUrl" name="test_new_report_action_url_points_to_report" time="1.311" /><testcase classname="tests.test_p1_p3_features.TestP1NotificationActionUrl" name="test_new_issue_action_url" time="0.209" /><testcase classname="tests.test_p1_p3_features.TestP1NotificationActionUrl" name="test_new_delivery_action_url" time="0.233" /><testcase classname="tests.test_p1_p3_features.TestP1NotificationActionUrl" name="test_new_account_notification_to_admin_points_to_users" time="0.660" /><testcase classname="tests.test_p1_p3_features.TestP1NotificationActionUrl" name="test_hours_approved_action_url_points_to_hours_tab" time="0.203" /><testcase classname="tests.test_p1_p3_features.TestP1NotificationActionUrl" name="test_mark_notification_read" time="0.192" /><testcase classname="tests.test_p1_p3_features.TestP2DeliveryDetail" name="test_get_delivery_returns_autor" time="0.311" /><testcase classname="tests.test_p1_p3_features.TestP2DeliveryDetail" name="test_get_deleted_delivery_returns_404" time="0.099" /><testcase classname="tests.test_p1_p3_features.TestP2DeliveryDetail" name="test_get_deleted_report_returns_404" time="0.094" /><testcase classname="tests.test_p1_p3_features.TestP2DeliveryDetail" name="test_get_deleted_issue_returns_404" time="0.103" /><testcase classname="tests.test_p1_p3_features.TestP3HoursApproval" name="test_week_summary_shape" time="0.224" /><testcase classname="tests.test_p1_p3_features.TestP3HoursApproval" name="test_week_summary_requires_role" time="0.101" /><testcase classname="tests.test_p1_p3_features.TestP3HoursApproval" name="test_unapprove_hours" time="0.104" /><testcase classname="tests.test_p1_p3_features.TestP3HoursApproval" name="test_unapprove_writes_audit" time="0.108" /><testcase classname="tests.test_p1_p3_features.TestP3HoursApproval" name="test_unapprove_missing_returns_404" time="35.888" /><testcase classname="tests.test_p1_p3_features.TestP3HoursApproval" name="test_unapprove_forbidden_for_worker" time="0.131" /><testcase classname="tests.test_p1_p3_features.TestP3HoursApproval" name="test_week_summary_after_unapprove_shows_pending" time="0.414" /><testcase classname="tests.test_etap1_hardening.TestConfigAndHealth" name="test_api_root_health" time="0.117" /><testcase classname="tests.test_etap1_hardening.TestConfigAndHealth" name="test_admin_login_returns_token" time="0.319" /><testcase classname="tests.test_etap1_hardening.TestConfigAndHealth" name="test_admin_token_authorizes_me" time="0.223" /><testcase classname="tests.test_etap1_hardening.TestConfigAndHealth" name="test_missing_token_401" time="0.099" /><testcase classname="tests.test_etap1_hardening.TestConfigAndHealth" name="test_invalid_token_401" time="0.121" /><testcase classname="tests.test_etap1_hardening.TestProjectsMemberCount" name="test_project_with_two_members_reports_two" time="2.529" /><testcase classname="tests.test_etap1_hardening.TestProjectsMemberCount" name="test_empty_project_reports_zero" time="0.306" /><testcase classname="tests.test_etap1_hardening.TestDeleteMyAccount" name="test_full_self_delete_flow" time="2.074" /><testcase classname="tests.test_etap1_hardening.TestDeleteMyAccount" name="test_delete_me_requires_auth" time="0.094" /><testcase classname="tests.test_etap1_hardening.TestRegressionSanity" name="test_pending_registration_cannot_login" time="0.658" /><testcase classname="tests.test_etap1_hardening.TestRegressionSanity" name="test_project_crud_admin" time="0.545" /></testsuite></testsuites>