<?xml version="1.0" encoding="utf-8"?><testsuites name="pytest tests"><testsuite name="pytest" errors="0" failures="0" skipped="0" tests="9" time="4.385" timestamp="2026-08-16T17:51:05.613385+00:00" hostname="agent-env-4f0316fe-5f38-425a-a2f2-1b8da5de3ff0"><testcase classname="tests.test_runda2_r2.TestBackend1_ForemanGeometryWrites" name="test_foreman_create_element_403" time="1.245" /><testcase classname="tests.test_runda2_r2.TestBackend2_OtherRoles" name="test_worker_create_element_403" time="1.353" /><testcase classname="tests.test_runda2_r2.TestBackend1_ForemanGeometryWrites" name="test_foreman_create_batch_403" time="0.200" /><testcase classname="tests.test_runda2_r2.TestBackend2_OtherRoles" name="test_worker_batch_archive_403" time="0.098" /><testcase classname="tests.test_runda2_r2.TestBackend1_ForemanGeometryWrites" name="test_foreman_batch_archive_403" time="0.137" /><testcase classname="tests.test_runda2_r2.TestBackend3_ForemanPutElement" name="test_foreman_put_opis_only_200" time="0.453" /><testcase classname="tests.test_runda2_r2.TestBackend3_ForemanPutElement" name="test_foreman_put_geometry_403" time="0.148" /><testcase classname="tests.test_runda2_r2.TestBackend2_OtherRoles" name="test_contractor_create_batch_403" time="1.093" /><testcase classname="tests.test_runda2_r2.TestBackend2_OtherRoles" name="test_all_roles_can_read_view_with_geometry" time="1.103" /></testsuite></testsuites>