<?xml version="1.0" encoding="utf-8"?><testsuites name="pytest tests"><testsuite name="pytest" errors="0" failures="0" skipped="0" tests="32" time="102.999" timestamp="2026-08-14T16:04:57.895913+00:00" hostname="agent-env-4f0316fe-5f38-425a-a2f2-1b8da5de3ff0"><testcase classname="tests.test_e4_soft_archive_and_ownership.TestExtraHoursSoftArchive" name="test_owner_can_archive" time="6.724" /><testcase classname="tests.test_e4_soft_archive_and_ownership.TestExtraHoursSoftArchive" name="test_archived_excluded_from_list" time="1.689" /><testcase classname="tests.test_e4_soft_archive_and_ownership.TestExtraHoursSoftArchive" name="test_admin_can_archive_any" time="1.529" /><testcase classname="tests.test_e4_soft_archive_and_ownership.TestExtraHoursSoftArchive" name="test_foreman_can_archive_any" time="3.195" /><testcase classname="tests.test_e4_soft_archive_and_ownership.TestExtraHoursSoftArchive" name="test_other_worker_forbidden_403" time="3.087" /><testcase classname="tests.test_e4_soft_archive_and_ownership.TestExtraHoursSoftArchive" name="test_in_settlement_returns_409" time="2.086" /><testcase classname="tests.test_e4_soft_archive_and_ownership.TestExtraHoursSoftArchive" name="test_admin_also_blocked_by_409" time="1.567" /><testcase classname="tests.test_e4_soft_archive_and_ownership.TestReportsSoftArchive" name="test_author_archives" time="1.878" /><testcase classname="tests.test_e4_soft_archive_and_ownership.TestReportsSoftArchive" name="test_archived_hidden_from_list" time="1.922" /><testcase classname="tests.test_e4_soft_archive_and_ownership.TestReportsSoftArchive" name="test_admin_can_archive_any" time="5.377" /><testcase classname="tests.test_e4_soft_archive_and_ownership.TestReportsSoftArchive" name="test_foreman_can_archive_any" time="44.018" /><testcase classname="tests.test_e4_soft_archive_and_ownership.TestReportsSoftArchive" name="test_other_worker_forbidden_403" time="3.190" /><testcase classname="tests.test_e4_soft_archive_and_ownership.TestReportUpdateOwnership" name="test_author_can_update" time="2.104" /><testcase classname="tests.test_e4_soft_archive_and_ownership.TestReportUpdateOwnership" name="test_admin_can_update_any" time="1.738" /><testcase classname="tests.test_e4_soft_archive_and_ownership.TestReportUpdateOwnership" name="test_foreman_can_update_any" time="2.805" /><testcase classname="tests.test_e4_soft_archive_and_ownership.TestReportUpdateOwnership" name="test_other_worker_forbidden_403" time="2.877" /><testcase classname="tests.test_e4_soft_archive_and_ownership.TestIssuesSoftArchive" name="test_author_archives" time="1.641" /><testcase classname="tests.test_e4_soft_archive_and_ownership.TestIssuesSoftArchive" name="test_archived_hidden_from_list" time="1.629" /><testcase classname="tests.test_e4_soft_archive_and_ownership.TestIssuesSoftArchive" name="test_admin_can_archive_any" time="1.531" /><testcase classname="tests.test_e4_soft_archive_and_ownership.TestIssuesSoftArchive" name="test_foreman_can_archive_any" time="2.833" /><testcase classname="tests.test_e4_soft_archive_and_ownership.TestIssuesSoftArchive" name="test_other_worker_forbidden_403" time="3.066" /><testcase classname="tests.test_e4_soft_archive_and_ownership.TestElementsUnifiedArchive" name="test_do_wykonania_archives" time="0.257" /><testcase classname="tests.test_e4_soft_archive_and_ownership.TestElementsUnifiedArchive" name="test_zgloszony_gotowy_archives" time="0.333" /><testcase classname="tests.test_e4_soft_archive_and_ownership.TestElementsUnifiedArchive" name="test_odebrany_archives" time="0.280" /><testcase classname="tests.test_e4_soft_archive_and_ownership.TestElementsUnifiedArchive" name="test_worker_forbidden_403" time="1.680" /><testcase classname="tests.test_e4_soft_archive_and_ownership.TestStaticNoHardDelete" name="test_no_delete_one_or_many_on_evidentiary_collections" time="0.001" /><testcase classname="tests.test_e4_soft_archive_and_ownership.TestStaticNoHardDelete" name="test_users_still_soft_archive_only" time="0.000" /><testcase classname="tests.test_e4_soft_archive_and_ownership.TestStaticNoHardDelete" name="test_project_members_hard_delete_allowed" time="0.000" /><testcase classname="tests.test_e4_soft_archive_and_ownership.TestE3Regression" name="test_admin_self_delete_users_blocked" time="0.298" /><testcase classname="tests.test_e4_soft_archive_and_ownership.TestE3Regression" name="test_delete_worker_soft_archive" time="1.535" /><testcase classname="tests.test_e4_soft_archive_and_ownership.TestE3Regression" name="test_delete_auth_me_worker_soft_archive" time="1.538" /><testcase classname="tests.test_e4_soft_archive_and_ownership.TestE3Regression" name="test_seed_admin_still_active" time="0.516" /></testsuite></testsuites>