<?xml version="1.0" encoding="utf-8"?><testsuites name="pytest tests"><testsuite name="pytest" errors="0" failures="0" skipped="1" tests="12" time="9.162" timestamp="2026-08-15T23:33:53.493072+00:00" hostname="agent-env-4f0316fe-5f38-425a-a2f2-1b8da5de3ff0"><testcase classname="tests.test_runda12_backend.TestB1PasswordMin14" name="test_register_password_too_short_422" time="0.237" /><testcase classname="tests.test_runda12_backend.TestB1PasswordMin14" name="test_register_password_14_ok" time="0.933" /><testcase classname="tests.test_runda12_backend.TestB1PasswordMin14" name="test_change_password_too_short_422" time="1.016" /><testcase classname="tests.test_runda12_backend.TestB1PasswordMin14" name="test_admin_reset_password_too_short_422" time="0.105" /><testcase classname="tests.test_runda12_backend.TestB1PasswordMin14" name="test_token_reset_password_too_short_422" time="0.517" /><testcase classname="tests.test_runda12_backend.TestB2TokenResetMustChange" name="test_token_reset_sets_must_change_password" time="1.606" /><testcase classname="tests.test_runda12_backend.TestC1AdminHealthAndUniqueIndex" name="test_admin_health_shape" time="0.105" /><testcase classname="tests.test_runda12_backend.TestC1AdminHealthAndUniqueIndex" name="test_admin_health_forbidden_for_non_admin" time="0.635"><skipped type="pytest.skip" message="non-approved user cannot login — 403 branch covered by role guard">/app/backend/tests/test_runda12_backend.py:222: non-approved user cannot login — 403 branch covered by role guard</skipped></testcase><testcase classname="tests.test_runda12_backend.TestC1AdminHealthAndUniqueIndex" name="test_uniqueness_covers_wstrzymany_status" time="0.935" /><testcase classname="tests.test_runda12_backend.TestRegressionSoftArchive" name="test_delete_element_archives" time="0.317" /><testcase classname="tests.test_runda12_backend.TestRegressionSoftArchive" name="test_delete_report_archives" time="1.451" /><testcase classname="tests.test_runda12_backend.TestRegressionSoftArchive" name="test_delete_user_archives" time="1.226" /></testsuite></testsuites>