<?xml version="1.0" encoding="utf-8"?><testsuites name="pytest tests"><testsuite name="pytest" errors="0" failures="0" skipped="0" tests="40" time="7.623" timestamp="2026-08-08T16:49:28.865804+00:00" hostname="agent-env-4f0316fe-5f38-425a-a2f2-1b8da5de3ff0"><testcase classname="tests.backend_test.Test01Auth" name="test_root" time="0.155" /><testcase classname="tests.backend_test.Test01Auth" name="test_admin_login" time="0.321" /><testcase classname="tests.backend_test.Test01Auth" name="test_login_invalid" time="0.317" /><testcase classname="tests.backend_test.Test01Auth" name="test_me" time="0.093" /><testcase classname="tests.backend_test.Test01Auth" name="test_me_no_token" time="0.165" /><testcase classname="tests.backend_test.Test01Auth" name="test_register_pending" time="0.406" /><testcase classname="tests.backend_test.Test01Auth" name="test_login_pending_blocked" time="0.350" /><testcase classname="tests.backend_test.Test01Auth" name="test_register_duplicate" time="0.096" /><testcase classname="tests.backend_test.Test01Auth" name="test_register_short_password" time="0.126" /><testcase classname="tests.backend_test.Test01Auth" name="test_password_reset_flow" time="0.226" /><testcase classname="tests.backend_test.Test02UsersApproval" name="test_pending_list" time="0.116" /><testcase classname="tests.backend_test.Test02UsersApproval" name="test_pending_forbidden_no_auth" time="0.108" /><testcase classname="tests.backend_test.Test02UsersApproval" name="test_approve_worker" time="0.110" /><testcase classname="tests.backend_test.Test02UsersApproval" name="test_worker_login_after_approval" time="0.324" /><testcase classname="tests.backend_test.Test02UsersApproval" name="test_role_enforcement_worker_cannot_admin" time="0.128" /><testcase classname="tests.backend_test.Test03Projects" name="test_create_project" time="0.141" /><testcase classname="tests.backend_test.Test03Projects" name="test_get_project" time="0.096" /><testcase classname="tests.backend_test.Test03Projects" name="test_list_projects" time="0.093" /><testcase classname="tests.backend_test.Test03Projects" name="test_add_member" time="0.145" /><testcase classname="tests.backend_test.Test03Projects" name="test_worker_cant_create_project" time="0.095" /><testcase classname="tests.backend_test.Test04WorkHours" name="test_hours_accrual" time="0.099" /><testcase classname="tests.backend_test.Test04WorkHours" name="test_hours_me" time="0.099" /><testcase classname="tests.backend_test.Test04WorkHours" name="test_approve_hours" time="0.103" /><testcase classname="tests.backend_test.Test05Reports" name="test_create_report_with_weather" time="1.176" /><testcase classname="tests.backend_test.Test05Reports" name="test_get_report" time="0.111" /><testcase classname="tests.backend_test.Test05Reports" name="test_reject_requires_reason" time="0.098" /><testcase classname="tests.backend_test.Test05Reports" name="test_approve_report" time="0.210" /><testcase classname="tests.backend_test.Test06Issues" name="test_create_issue" time="0.110" /><testcase classname="tests.backend_test.Test06Issues" name="test_status_requires_reason" time="0.104" /><testcase classname="tests.backend_test.Test06Issues" name="test_status_change" time="0.110" /><testcase classname="tests.backend_test.Test07Deliveries" name="test_create_delivery" time="0.111" /><testcase classname="tests.backend_test.Test07Deliveries" name="test_delivery_confirm" time="0.107" /><testcase classname="tests.backend_test.Test08Files" name="test_upload_and_download" time="0.195" /><testcase classname="tests.backend_test.Test09Notifications" name="test_notifications_present" time="0.108" /><testcase classname="tests.backend_test.Test09Notifications" name="test_unread_count" time="0.097" /><testcase classname="tests.backend_test.Test09Notifications" name="test_read_all" time="0.203" /><testcase classname="tests.backend_test.Test10Audit" name="test_audit_admin" time="0.178" /><testcase classname="tests.backend_test.Test10Audit" name="test_audit_forbidden_worker" time="0.111" /><testcase classname="tests.backend_test.Test11Transcribe" name="test_transcribe_requires_auth" time="0.093" /><testcase classname="tests.backend_test.Test99Cleanup" name="test_delete_worker" time="0.487" /></testsuite></testsuites>