<?xml version="1.0" encoding="utf-8"?><testsuites name="pytest tests"><testsuite name="pytest" errors="0" failures="0" skipped="0" tests="30" time="79.171" timestamp="2026-08-08T17:28:10.515774+00:00" hostname="agent-env-4f0316fe-5f38-425a-a2f2-1b8da5de3ff0"><testcase classname="tests.test_p1_p3_features.TestP3HoursApproval" name="test_week_summary_shape" time="2.205" /><testcase classname="tests.test_p1_p3_features.TestP1NotificationActionUrl" name="test_notifications_returned_with_action_url_field" time="2.202" /><testcase classname="tests.test_p1_p3_features.TestP1NotificationActionUrl" name="test_konto_zatwierdzone_action_url" time="0.090" /><testcase classname="tests.test_p1_p3_features.TestP3HoursApproval" name="test_week_summary_requires_role" time="0.092" /><testcase classname="tests.test_p1_p3_features.TestP1NotificationActionUrl" name="test_new_report_action_url_points_to_report" time="1.463" /><testcase classname="tests.test_p1_p3_features.TestP3HoursApproval" name="test_unapprove_hours" time="0.120" /><testcase classname="tests.test_p1_p3_features.TestP3HoursApproval" name="test_unapprove_writes_audit" time="0.174" /><testcase classname="tests.test_p1_p3_features.TestP3HoursApproval" name="test_unapprove_missing_returns_404" time="0.106" /><testcase classname="tests.test_p1_p3_features.TestP3HoursApproval" name="test_unapprove_forbidden_for_worker" time="0.097" /><testcase classname="tests.test_p1_p3_features.TestP3HoursApproval" name="test_week_summary_after_unapprove_shows_pending" time="0.324" /><testcase classname="tests.test_etap1_hardening.TestConfigAndHealth" name="test_api_root_health" time="0.093" /><testcase classname="tests.test_etap1_hardening.TestConfigAndHealth" name="test_admin_login_returns_token" time="0.315" /><testcase classname="tests.test_etap1_hardening.TestConfigAndHealth" name="test_admin_token_authorizes_me" time="0.092" /><testcase classname="tests.test_etap1_hardening.TestConfigAndHealth" name="test_missing_token_401" time="0.096" /><testcase classname="tests.test_etap1_hardening.TestConfigAndHealth" name="test_invalid_token_401" time="0.100" /><testcase classname="tests.test_p1_p3_features.TestP1NotificationActionUrl" name="test_new_issue_action_url" time="0.420" /><testcase classname="tests.test_p1_p3_features.TestP1NotificationActionUrl" name="test_new_delivery_action_url" time="0.430" /><testcase classname="tests.test_p1_p3_features.TestP1NotificationActionUrl" name="test_new_account_notification_to_admin_points_to_users" time="0.764" /><testcase classname="tests.test_p1_p3_features.TestP1NotificationActionUrl" name="test_hours_approved_action_url_points_to_hours_tab" time="0.197" /><testcase classname="tests.test_p1_p3_features.TestP1NotificationActionUrl" name="test_mark_notification_read" time="0.451" /><testcase classname="tests.test_p1_p3_features.TestP2DeliveryDetail" name="test_get_delivery_returns_autor" time="2.044" /><testcase classname="tests.test_p1_p3_features.TestP2DeliveryDetail" name="test_get_deleted_delivery_returns_404" time="0.097" /><testcase classname="tests.test_p1_p3_features.TestP2DeliveryDetail" name="test_get_deleted_report_returns_404" time="0.097" /><testcase classname="tests.test_p1_p3_features.TestP2DeliveryDetail" name="test_get_deleted_issue_returns_404" time="0.474" /><testcase classname="tests.test_etap1_hardening.TestProjectsMemberCount" name="test_project_with_two_members_reports_two" time="71.409" /><testcase classname="tests.test_etap1_hardening.TestDeleteMyAccount" name="test_full_self_delete_flow" time="63.079" /><testcase classname="tests.test_etap1_hardening.TestDeleteMyAccount" name="test_delete_me_requires_auth" time="0.104" /><testcase classname="tests.test_etap1_hardening.TestProjectsMemberCount" name="test_empty_project_reports_zero" time="0.299" /><testcase classname="tests.test_etap1_hardening.TestRegressionSanity" name="test_pending_registration_cannot_login" time="0.645" /><testcase classname="tests.test_etap1_hardening.TestRegressionSanity" name="test_project_crud_admin" time="0.492" /></testsuite></testsuites>