<?xml version="1.0" encoding="utf-8"?><testsuites name="pytest tests"><testsuite name="pytest" errors="0" failures="0" skipped="0" tests="19" time="21.592" timestamp="2026-08-14T15:20:39.004048+00:00" hostname="agent-env-4f0316fe-5f38-425a-a2f2-1b8da5de3ff0"><testcase classname="tests.test_e3_security_regression.TestE3aSelfDelete" name="test_admin_cannot_delete_self_returns_400" time="0.865" /><testcase classname="tests.test_e3_security_regression.TestE3aSelfDelete" name="test_admin_still_active_after_self_delete_attempt" time="0.191" /><testcase classname="tests.test_e3_security_regression.TestE3aSelfDelete" name="test_admin_can_still_login_after_self_delete_attempt" time="0.426" /><testcase classname="tests.test_e3_security_regression.TestE3bLastAdmin" name="test_admin2_can_be_created_and_is_active" time="1.530" /><testcase classname="tests.test_e3_security_regression.TestE3bLastAdmin" name="test_last_admin_delete_blocked_when_only_one_active" time="0.463" /><testcase classname="tests.test_e3_security_regression.TestE3bLastAdmin" name="test_second_admin_deleting_seed_admin_hits_last_admin_or_self" time="1.331" /><testcase classname="tests.test_e3_security_regression.TestE3bLastAdmin" name="test_last_admin_branch_direct" time="1.309" /><testcase classname="tests.test_e3_security_regression.TestE3bLastAdmin" name="test_true_last_admin_blocked_when_creating_and_deleting_third" time="1.390" /><testcase classname="tests.test_e3_security_regression.TestE3cSoftDelete" name="test_delete_worker_returns_archived_true" time="1.025" /><testcase classname="tests.test_e3_security_regression.TestE3cSoftDelete" name="test_worker_record_persists_with_zarchiwizowany_status" time="1.045" /><testcase classname="tests.test_e3_security_regression.TestE3cSoftDelete" name="test_worker_disappears_from_active_list" time="1.137" /><testcase classname="tests.test_e3_security_regression.TestE3dArchivedCannotLogin" name="test_archived_user_login_blocked" time="1.681" /><testcase classname="tests.test_e3_security_regression.TestE1UpdateUser" name="test_duplicate_email_returns_409" time="1.897" /><testcase classname="tests.test_e3_security_regression.TestE1UpdateUser" name="test_invalid_email_returns_422" time="0.966" /><testcase classname="tests.test_e3_security_regression.TestE1UpdateUser" name="test_full_edit_persists_all_fields" time="1.021" /><testcase classname="tests.test_e3_security_regression.TestA1PasswordLength" name="test_admin_reset_short_password_422" time="0.924" /><testcase classname="tests.test_e3_security_regression.TestA1PasswordLength" name="test_admin_reset_long_password_ok_and_forces_change" time="1.711" /><testcase classname="tests.test_e3_security_regression.TestA1PasswordLength" name="test_change_password_short_new_returns_422" time="1.370" /><testcase classname="tests.test_e3_security_regression.TestG8CodeNormalization" name="test_collision_after_space_and_case_normalization" time="1.184" /></testsuite></testsuites>