<?xml version="1.0" encoding="utf-8"?><testsuites name="pytest tests"><testsuite name="pytest" errors="0" failures="1" skipped="0" tests="10" time="8.723" timestamp="2026-08-16T02:08:04.298448+00:00" hostname="agent-env-4f0316fe-5f38-425a-a2f2-1b8da5de3ff0"><testcase classname="tests.test_runda13_backend.TestA1Files" name="test_upload_and_fetch_content" time="1.187" /><testcase classname="tests.test_runda13_backend.TestA1Files" name="test_legacy_orphan_returns_410_and_marks_utracony" time="0.103" /><testcase classname="tests.test_runda13_backend.TestA2ProjectPartial" name="test_partial_update_preserves_untouched" time="0.461" /><testcase classname="tests.test_runda13_backend.TestB3AdminReset" name="test_reset_generates_16_char_password_and_forces_change" time="1.346" /><testcase classname="tests.test_runda13_backend.TestE1bRoleGuards" name="test_contractor_cannot_create_report" time="1.102" /><testcase classname="tests.test_runda13_backend.TestE1bRoleGuards" name="test_contractor_cannot_create_extra_hours" time="0.100" /><testcase classname="tests.test_runda13_backend.TestE1bRoleGuards" name="test_register_push_requires_auth" time="0.198" /><testcase classname="tests.test_runda13_backend.TestC4LoginMalformed" name="test_malformed_login_returns_422" time="0.105" /><testcase classname="tests.test_runda13_backend.TestZ5B5LockoutAndRateLimit" name="test_login_lockout_after_5_failed_attempts" time="2.705"><failure message="AssertionError: NO 423 lockout observed — B5 login-lockout appears NOT IMPLEMENTED. Response codes: [401, 401, 401, 401, 401, 401]&#10;assert 423 in [401, 401, 401, 401, 401, 401]">backend/tests/test_runda13_backend.py:249: in test_login_lockout_after_5_failed_attempts
    assert 423 in statuses, (
E   AssertionError: NO 423 lockout observed — B5 login-lockout appears NOT IMPLEMENTED. Response codes: [401, 401, 401, 401, 401, 401]
E   assert 423 in [401, 401, 401, 401, 401, 401]</failure></testcase><testcase classname="tests.test_runda13_backend.TestZ5B5LockoutAndRateLimit" name="test_register_rate_limit_returns_429" time="1.254" /></testsuite></testsuites>