<?xml version="1.0" encoding="utf-8"?><testsuites name="pytest tests"><testsuite name="pytest" errors="0" failures="0" skipped="0" tests="19" time="7.088" timestamp="2026-08-04T21:14:45.805424+00:00" hostname="agent-env-4f0316fe-5f38-425a-a2f2-1b8da5de3ff0"><testcase classname="tests.test_p1_p3_features.TestP1NotificationActionUrl" name="test_notifications_returned_with_action_url_field" time="2.551" /><testcase classname="tests.test_p1_p3_features.TestP3HoursApproval" name="test_week_summary_shape" time="2.884" /><testcase classname="tests.test_p1_p3_features.TestP1NotificationActionUrl" name="test_konto_zatwierdzone_action_url" time="0.223" /><testcase classname="tests.test_p1_p3_features.TestP1NotificationActionUrl" name="test_new_report_action_url_points_to_report" time="1.459" /><testcase classname="tests.test_p1_p3_features.TestP3HoursApproval" name="test_week_summary_requires_role" time="0.177" /><testcase classname="tests.test_p1_p3_features.TestP3HoursApproval" name="test_unapprove_hours" time="0.186" /><testcase classname="tests.test_p1_p3_features.TestP3HoursApproval" name="test_unapprove_writes_audit" time="0.190" /><testcase classname="tests.test_p1_p3_features.TestP3HoursApproval" name="test_unapprove_missing_returns_404" time="0.148" /><testcase classname="tests.test_p1_p3_features.TestP3HoursApproval" name="test_unapprove_forbidden_for_worker" time="0.156" /><testcase classname="tests.test_p1_p3_features.TestP3HoursApproval" name="test_week_summary_after_unapprove_shows_pending" time="0.157" /><testcase classname="tests.test_p1_p3_features.TestP2DeliveryDetail" name="test_get_delivery_returns_autor" time="0.486" /><testcase classname="tests.test_p1_p3_features.TestP1NotificationActionUrl" name="test_new_issue_action_url" time="0.369" /><testcase classname="tests.test_p1_p3_features.TestP2DeliveryDetail" name="test_get_deleted_delivery_returns_404" time="0.181" /><testcase classname="tests.test_p1_p3_features.TestP2DeliveryDetail" name="test_get_deleted_report_returns_404" time="0.164" /><testcase classname="tests.test_p1_p3_features.TestP1NotificationActionUrl" name="test_new_delivery_action_url" time="0.366" /><testcase classname="tests.test_p1_p3_features.TestP2DeliveryDetail" name="test_get_deleted_issue_returns_404" time="0.610" /><testcase classname="tests.test_p1_p3_features.TestP1NotificationActionUrl" name="test_new_account_notification_to_admin_points_to_users" time="0.837" /><testcase classname="tests.test_p1_p3_features.TestP1NotificationActionUrl" name="test_hours_approved_action_url_points_to_hours_tab" time="0.324" /><testcase classname="tests.test_p1_p3_features.TestP1NotificationActionUrl" name="test_mark_notification_read" time="0.636" /></testsuite></testsuites>