<?xml version="1.0" encoding="utf-8"?><testsuites name="pytest tests"><testsuite name="pytest" errors="0" failures="22" skipped="0" tests="59" time="11.944" timestamp="2026-08-04T21:14:00.767845+00:00" hostname="agent-env-4f0316fe-5f38-425a-a2f2-1b8da5de3ff0"><testcase classname="tests.backend_test.Test01Auth" name="test_root" time="0.408" /><testcase classname="tests.backend_test.Test01Auth" name="test_admin_login" time="0.344" /><testcase classname="tests.backend_test.Test01Auth" name="test_login_invalid" time="0.438" /><testcase classname="tests.backend_test.Test01Auth" name="test_me" time="0.122" /><testcase classname="tests.backend_test.Test01Auth" name="test_me_no_token" time="0.127" /><testcase classname="tests.backend_test.Test01Auth" name="test_register_pending" time="0.613" /><testcase classname="tests.backend_test.Test01Auth" name="test_login_pending_blocked" time="0.351" /><testcase classname="tests.backend_test.Test01Auth" name="test_register_duplicate" time="0.125" /><testcase classname="tests.backend_test.Test01Auth" name="test_register_short_password" time="0.133" /><testcase classname="tests.test_p1_p3_features.TestP1NotificationActionUrl" name="test_notifications_returned_with_action_url_field" time="2.730" /><testcase classname="tests.backend_test.Test01Auth" name="test_password_reset_flow" time="0.262" /><testcase classname="tests.test_p1_p3_features.TestP1NotificationActionUrl" name="test_konto_zatwierdzone_action_url" time="0.253" /><testcase classname="tests.test_p1_p3_features.TestP1NotificationActionUrl" name="test_new_report_action_url_points_to_report" time="1.680" /><testcase classname="tests.test_p1_p3_features.TestP3HoursApproval" name="test_week_summary_shape" time="2.002" /><testcase classname="tests.test_p1_p3_features.TestP1NotificationActionUrl" name="test_new_issue_action_url" time="0.258" /><testcase classname="tests.test_p1_p3_features.TestP1NotificationActionUrl" name="test_new_delivery_action_url" time="0.270" /><testcase classname="tests.test_p1_p3_features.TestP3HoursApproval" name="test_week_summary_requires_role" time="0.144" /><testcase classname="tests.test_p1_p3_features.TestP3HoursApproval" name="test_unapprove_hours" time="0.157" /><testcase classname="tests.test_p1_p3_features.TestP1NotificationActionUrl" name="test_new_account_notification_to_admin_points_to_users" time="0.788" /><testcase classname="tests.test_p1_p3_features.TestP3HoursApproval" name="test_unapprove_writes_audit" time="0.334" /><testcase classname="tests.test_p1_p3_features.TestP3HoursApproval" name="test_unapprove_missing_returns_404" time="0.211" /><testcase classname="tests.test_p1_p3_features.TestP3HoursApproval" name="test_unapprove_forbidden_for_worker" time="0.125" /><testcase classname="tests.test_p1_p3_features.TestP3HoursApproval" name="test_week_summary_after_unapprove_shows_pending" time="0.489" /><testcase classname="tests.test_p1_p3_features.TestP1NotificationActionUrl" name="test_hours_approved_action_url_points_to_hours_tab" time="0.347" /><testcase classname="tests.test_p1_p3_features.TestP1NotificationActionUrl" name="test_mark_notification_read" time="0.544" /><testcase classname="tests.backend_test.Test02UsersApproval" name="test_pending_list" time="0.123" /><testcase classname="tests.backend_test.Test02UsersApproval" name="test_pending_forbidden_no_auth" time="0.155" /><testcase classname="tests.backend_test.Test02UsersApproval" name="test_approve_worker" time="0.134" /><testcase classname="tests.backend_test.Test02UsersApproval" name="test_worker_login_after_approval" time="0.341" /><testcase classname="tests.backend_test.Test03Projects" name="test_create_project" time="0.294"><failure message="AssertionError: {&quot;detail&quot;:&quot;Nieprawidłowy token / Invalid token&quot;}&#10;assert 401 == 201&#10; +  where 401 = &lt;Response [401]&gt;.status_code">backend/tests/backend_test.py:157: in test_create_project
    assert r.status_code == 201, r.text
E   AssertionError: {"detail":"Nieprawidłowy token / Invalid token"}
E   assert 401 == 201
E    +  where 401 = &lt;Response [401]&gt;.status_code</failure></testcase><testcase classname="tests.backend_test.Test02UsersApproval" name="test_role_enforcement_worker_cannot_admin" time="0.146" /><testcase classname="tests.backend_test.Test03Projects" name="test_get_project" time="0.163"><failure message="assert 401 == 200&#10; +  where 401 = &lt;Response [401]&gt;.status_code">backend/tests/backend_test.py:163: in test_get_project
    assert r.status_code == 200
E   assert 401 == 200
E    +  where 401 = &lt;Response [401]&gt;.status_code</failure></testcase><testcase classname="tests.backend_test.Test03Projects" name="test_list_projects" time="0.318"><failure message="assert 401 == 200&#10; +  where 401 = &lt;Response [401]&gt;.status_code">backend/tests/backend_test.py:168: in test_list_projects
    assert r.status_code == 200
E   assert 401 == 200
E    +  where 401 = &lt;Response [401]&gt;.status_code</failure></testcase><testcase classname="tests.backend_test.Test03Projects" name="test_add_member" time="0.370"><failure message="AssertionError: {&quot;detail&quot;:&quot;Nieprawidłowy token / Invalid token&quot;}&#10;assert 401 == 201&#10; +  where 401 = &lt;Response [401]&gt;.status_code">backend/tests/backend_test.py:175: in test_add_member
    assert r.status_code == 201, r.text
E   AssertionError: {"detail":"Nieprawidłowy token / Invalid token"}
E   assert 401 == 201
E    +  where 401 = &lt;Response [401]&gt;.status_code</failure></testcase><testcase classname="tests.backend_test.Test03Projects" name="test_worker_cant_create_project" time="0.158"><failure message="assert 401 == 403&#10; +  where 401 = &lt;Response [401]&gt;.status_code">backend/tests/backend_test.py:180: in test_worker_cant_create_project
    assert r.status_code == 403
E   assert 401 == 403
E    +  where 401 = &lt;Response [401]&gt;.status_code</failure></testcase><testcase classname="tests.backend_test.Test05Reports" name="test_create_report_with_weather" time="0.161"><failure message="AssertionError: {&quot;detail&quot;:&quot;Nieprawidłowy token / Invalid token&quot;}&#10;assert 401 == 201&#10; +  where 401 = &lt;Response [401]&gt;.status_code">backend/tests/backend_test.py:224: in test_create_report_with_weather
    assert r.status_code == 201, r.text
E   AssertionError: {"detail":"Nieprawidłowy token / Invalid token"}
E   assert 401 == 201
E    +  where 401 = &lt;Response [401]&gt;.status_code</failure></testcase><testcase classname="tests.backend_test.Test05Reports" name="test_get_report" time="0.151"><failure message="assert 401 == 200&#10; +  where 401 = &lt;Response [401]&gt;.status_code">backend/tests/backend_test.py:233: in test_get_report
    assert r.status_code == 200
E   assert 401 == 200
E    +  where 401 = &lt;Response [401]&gt;.status_code</failure></testcase><testcase classname="tests.backend_test.Test05Reports" name="test_reject_requires_reason" time="0.314"><failure message="assert 401 == 422&#10; +  where 401 = &lt;Response [401]&gt;.status_code">backend/tests/backend_test.py:239: in test_reject_requires_reason
    assert r.status_code == 422
E   assert 401 == 422
E    +  where 401 = &lt;Response [401]&gt;.status_code</failure></testcase><testcase classname="tests.backend_test.Test05Reports" name="test_approve_report" time="0.154"><failure message="assert 401 == 200&#10; +  where 401 = &lt;Response [401]&gt;.status_code">backend/tests/backend_test.py:244: in test_approve_report
    assert r.status_code == 200
E   assert 401 == 200
E    +  where 401 = &lt;Response [401]&gt;.status_code</failure></testcase><testcase classname="tests.backend_test.Test04WorkHours" name="test_hours_accrual" time="0.179"><failure message="AssertionError: {&quot;detail&quot;:&quot;Nieprawidłowy token / Invalid token&quot;}&#10;assert 401 == 200&#10; +  where 401 = &lt;Response [401]&gt;.status_code">backend/tests/backend_test.py:197: in test_hours_accrual
    assert r.status_code == 200, r.text
E   AssertionError: {"detail":"Nieprawidłowy token / Invalid token"}
E   assert 401 == 200
E    +  where 401 = &lt;Response [401]&gt;.status_code</failure></testcase><testcase classname="tests.backend_test.Test04WorkHours" name="test_hours_me" time="0.163"><failure message="assert 401 == 200&#10; +  where 401 = &lt;Response [401]&gt;.status_code">backend/tests/backend_test.py:208: in test_hours_me
    assert r.status_code == 200
E   assert 401 == 200
E    +  where 401 = &lt;Response [401]&gt;.status_code</failure></testcase><testcase classname="tests.test_p1_p3_features.TestP2DeliveryDetail" name="test_get_delivery_returns_autor" time="2.577" /><testcase classname="tests.backend_test.Test04WorkHours" name="test_approve_hours" time="0.173"><failure message="assert 401 == 200&#10; +  where 401 = &lt;Response [401]&gt;.status_code">backend/tests/backend_test.py:213: in test_approve_hours
    assert r.status_code == 200
E   assert 401 == 200
E    +  where 401 = &lt;Response [401]&gt;.status_code</failure></testcase><testcase classname="tests.backend_test.Test06Issues" name="test_create_issue" time="0.205"><failure message="AssertionError: {&quot;detail&quot;:&quot;Nieprawidłowy token / Invalid token&quot;}&#10;assert 401 == 201&#10; +  where 401 = &lt;Response [401]&gt;.status_code">backend/tests/backend_test.py:259: in test_create_issue
    assert r.status_code == 201, r.text
E   AssertionError: {"detail":"Nieprawidłowy token / Invalid token"}
E   assert 401 == 201
E    +  where 401 = &lt;Response [401]&gt;.status_code</failure></testcase><testcase classname="tests.backend_test.Test06Issues" name="test_status_requires_reason" time="0.161"><failure message="assert 401 == 422&#10; +  where 401 = &lt;Response [401]&gt;.status_code">backend/tests/backend_test.py:267: in test_status_requires_reason
    assert r.status_code == 422
E   assert 401 == 422
E    +  where 401 = &lt;Response [401]&gt;.status_code</failure></testcase><testcase classname="tests.test_p1_p3_features.TestP2DeliveryDetail" name="test_get_deleted_delivery_returns_404" time="0.161" /><testcase classname="tests.backend_test.Test06Issues" name="test_status_change" time="0.182"><failure message="assert 401 == 200&#10; +  where 401 = &lt;Response [401]&gt;.status_code">backend/tests/backend_test.py:273: in test_status_change
    assert r.status_code == 200
E   assert 401 == 200
E    +  where 401 = &lt;Response [401]&gt;.status_code</failure></testcase><testcase classname="tests.test_p1_p3_features.TestP2DeliveryDetail" name="test_get_deleted_report_returns_404" time="0.152" /><testcase classname="tests.backend_test.Test09Notifications" name="test_notifications_present" time="0.187"><failure message="assert 401 == 200&#10; +  where 401 = &lt;Response [401]&gt;.status_code">backend/tests/backend_test.py:317: in test_notifications_present
    assert r.status_code == 200
E   assert 401 == 200
E    +  where 401 = &lt;Response [401]&gt;.status_code</failure></testcase><testcase classname="tests.test_p1_p3_features.TestP2DeliveryDetail" name="test_get_deleted_issue_returns_404" time="0.488" /><testcase classname="tests.backend_test.Test09Notifications" name="test_unread_count" time="0.164"><failure message="assert 401 == 200&#10; +  where 401 = &lt;Response [401]&gt;.status_code">backend/tests/backend_test.py:324: in test_unread_count
    assert r.status_code == 200
E   assert 401 == 200
E    +  where 401 = &lt;Response [401]&gt;.status_code</failure></testcase><testcase classname="tests.backend_test.Test09Notifications" name="test_read_all" time="0.180"><failure message="assert 401 == 200&#10; +  where 401 = &lt;Response [401]&gt;.status_code">backend/tests/backend_test.py:330: in test_read_all
    assert r.status_code == 200
E   assert 401 == 200
E    +  where 401 = &lt;Response [401]&gt;.status_code</failure></testcase><testcase classname="tests.backend_test.Test07Deliveries" name="test_create_delivery" time="0.159"><failure message="AssertionError: {&quot;detail&quot;:[{&quot;type&quot;:&quot;string_type&quot;,&quot;loc&quot;:[&quot;body&quot;,&quot;project_id&quot;],&quot;msg&quot;:&quot;Input should be a valid string&quot;,&quot;input&quot;:null,&quot;url&quot;:&quot;https://errors.pydantic.dev/2.13/v/string_type&quot;}]}&#10;assert 422 == 201&#10; +  where 422 = &lt;Response [422]&gt;.status_code">backend/tests/backend_test.py:283: in test_create_delivery
    assert r.status_code == 201, r.text
E   AssertionError: {"detail":[{"type":"string_type","loc":["body","project_id"],"msg":"Input should be a valid string","input":null,"url":"https://errors.pydantic.dev/2.13/v/string_type"}]}
E   assert 422 == 201
E    +  where 422 = &lt;Response [422]&gt;.status_code</failure></testcase><testcase classname="tests.backend_test.Test10Audit" name="test_audit_admin" time="0.220"><failure message="assert 401 == 200&#10; +  where 401 = &lt;Response [401]&gt;.status_code">backend/tests/backend_test.py:340: in test_audit_admin
    assert r.status_code == 200
E   assert 401 == 200
E    +  where 401 = &lt;Response [401]&gt;.status_code</failure></testcase><testcase classname="tests.backend_test.Test07Deliveries" name="test_delivery_confirm" time="0.200"><failure message="assert 404 == 200&#10; +  where 404 = &lt;Response [404]&gt;.status_code">backend/tests/backend_test.py:291: in test_delivery_confirm
    assert r.status_code == 200
E   assert 404 == 200
E    +  where 404 = &lt;Response [404]&gt;.status_code</failure></testcase><testcase classname="tests.backend_test.Test10Audit" name="test_audit_forbidden_worker" time="0.146"><failure message="assert 401 == 403&#10; +  where 401 = &lt;Response [401]&gt;.status_code">backend/tests/backend_test.py:345: in test_audit_forbidden_worker
    assert r.status_code == 403
E   assert 401 == 403
E    +  where 401 = &lt;Response [401]&gt;.status_code</failure></testcase><testcase classname="tests.backend_test.Test11Transcribe" name="test_transcribe_requires_auth" time="0.158" /><testcase classname="tests.backend_test.Test08Files" name="test_upload_and_download" time="0.373" /><testcase classname="tests.backend_test.Test99Cleanup" name="test_delete_worker" time="0.156" /></testsuite></testsuites>